{
  "RSpec": {
    "coverage": {
      "/Users/thomassurgent/Desktop/flatiron/Project_Mode/screw_your_banker/app/controllers/funds_controller.rb": [
        1,
        null,
        1,
        null,
        null,
        1,
        1,
        1,
        1,
        null,
        1,
        null,
        1,
        1,
        null,
        null,
        null,
        null
      ],
      "/Users/thomassurgent/Desktop/flatiron/Project_Mode/screw_your_banker/app/controllers/application_controller.rb": [
        1,
        null,
        null,
        1,
        null
      ],
      "/Users/thomassurgent/Desktop/flatiron/Project_Mode/screw_your_banker/app/models/fund.rb": [
        1,
        null,
        1,
        null,
        1,
        1,
        1,
        null,
        null,
        null
      ]
    },
    "timestamp": 1396458692
  }
}
